********************************************************************************
DUPLICATOR-LITE PACKAGE-LOG: 2017-07-27 05:17:49
NOTICE: Do NOT post to public sites or forums 
********************************************************************************
VERSION:	1.2.14
WORDPRESS:	4.8
PHP INFO:	5.4.45 | SAPI: litespeed
SERVER:		Apache Phusion_Passenger/4.0.10 mod_bwlimited/1.4 
PHP TIME LIMIT: (0) no time limit imposed 
PHP MAX MEMORY: 2048M (256M default) 
MEMORY STACK: 55MB 

********************************************************************************
DATABASE:
********************************************************************************
BUILD MODE:   PHP(query limit - 100)
MYSQLTIMEOUT: 5000
MYSQLDUMP:    Is Supported 
TABLES: total:85 | filtered:0 | create:85 
FILTERED: [] 
SQL CREATED: 20170725_petsonbreakcom_680df4f39151c9708349170727050248_database.sql 
SQL FILE SIZE: 31.53MB (33059955) 
SQL FILE TIME: 2017-07-27 05:20:54 
SQL RUNTIME: 184.76 sec. 

******************************************************************************** 
ARCHIVE (ZIP): 
******************************************************************************** 
ARCHIVE DIR:  /home/petsoprs/public_html 
ARCHIVE FILE: 20170725_petsonbreakcom_680df4f39151c9708349170727050248_archive.zip 
FILTERS: *ON* 
DIRS:
	not set 
FILES:
	/home/petsoprs/public_html/12thjune2017.zip
	/home/petsoprs/public_html/wp-content/plugins/ean_plugin.zip
	/home/petsoprs/public_html/wp-content/themes/adivaha.zip
	/home/petsoprs/public_html/wp-content/uploads/2017/05/F1-Cartagena-streets.jpg
	/home/petsoprs/public_html/wp-content/uploads/2017/05/abigail-keenan-27292.jpg
	/home/petsoprs/public_html/wp-content/uploads/2017/05/aidan-meyer-129855.jpg
	/home/petsoprs/public_html/wp-content/uploads/2017/05/andrew-branch-106877.jpg
	/home/petsoprs/public_html/wp-content/uploads/2017/05/arno-smit-141735.jpg
	/home/petsoprs/public_html/wp-content/uploads/2017/05/bram-naus-200967.jpg
	/home/petsoprs/public_html/wp-content/uploads/2017/05/brandi-redd-122054.jpg
	/home/petsoprs/public_html/wp-content/uploads/2017/05/cole-keister-257654-1.jpg
	/home/petsoprs/public_html/wp-content/uploads/2017/05/cole-keister-257654.jpg
	/home/petsoprs/public_html/wp-content/uploads/2017/05/dhruva-reddy-168724.jpg
	/home/petsoprs/public_html/wp-content/uploads/2017/05/harvey-enrile-491.jpg
	/home/petsoprs/public_html/wp-content/uploads/2017/05/henry-be-99471.jpg
	/home/petsoprs/public_html/wp-content/uploads/2017/05/hermes-rivera-255601.jpg
	/home/petsoprs/public_html/wp-content/uploads/2017/05/jonas-vincent-2717-1.jpg
	/home/petsoprs/public_html/wp-content/uploads/2017/05/jonas-vincent-2717.jpg
	/home/petsoprs/public_html/wp-content/uploads/2017/05/jorge-flores-98842.jpg
	/home/petsoprs/public_html/wp-content/uploads/2017/05/kai-oberhauser-82223.jpg
	/home/petsoprs/public_html/wp-content/uploads/2017/05/mark-johnson-259950.jpg
	/home/petsoprs/public_html/wp-content/uploads/2017/05/marvin-meyer-188676.jpg
	/home/petsoprs/public_html/wp-content/uploads/2017/05/meg-sanchez-75919.jpg
	/home/petsoprs/public_html/wp-content/uploads/2017/05/mickey-o-neil-36548.jpg
	/home/petsoprs/public_html/wp-content/uploads/2017/05/mike-kotsch-1034.jpg
	/home/petsoprs/public_html/wp-content/uploads/2017/05/milada-vigerova-35572.jpg
	/home/petsoprs/public_html/wp-content/uploads/2017/05/rawpixel-com-250087.jpg
	/home/petsoprs/public_html/wp-content/uploads/2017/05/rowan-chestnut-175871.jpg
	/home/petsoprs/public_html/wp-content/uploads/2017/05/sai-kiran-anagani-209542.jpg
	/home/petsoprs/public_html/wp-content/uploads/2017/05/scott-webb-56901.jpg
	/home/petsoprs/public_html/wp-content/uploads/2017/05/tamara-bellis-115355.jpg
	/home/petsoprs/public_html/wp-content/uploads/2017/05/teddy-kelley-124043-1.jpg
	/home/petsoprs/public_html/wp-content/uploads/2017/05/teddy-kelley-124043.jpg
	/home/petsoprs/public_html/wp-content/uploads/2017/05/thomas-somme-220647.jpg
	/home/petsoprs/public_html/wp-content/uploads/2017/05/thought-catalog-214785.jpg
	/home/petsoprs/public_html/wp-content/uploads/2017/05/wendy-aros-routman-254111.jpg
	/home/petsoprs/public_html/wp-content/uploads/backwpup-d77279-backups/backwpup_d7727902_2017-06-14_21-09-34.zip
	/home/petsoprs/public_html/wp-content/uploads/backwpup-d77279-backups/backwpup_d7727902_2017-06-14_21-09-34.zip.0wGCzV
	/home/petsoprs/public_html/wp-content/uploads/backwpup-d77279-backups/backwpup_d7727902_2017-06-14_21-09-34.zip.aafcPj
	/home/petsoprs/public_html/wp-content/uploads/backwpup-d77279-backups/backwpup_d7727903_2017-07-27_09-59-34.zip
	/home/petsoprs/public_html/wp-content/uploads/backwpup-d77279-backups/backwpup_d7727903_2017-07-27_09-59-34.zip.X70koq
	/home/petsoprs/public_html/wp-content/uploads/backwpup-d77279-backups/backwpup_d7727903_2017-07-27_09-59-34.zip.XLTxtH
	/home/petsoprs/public_html/wp-content/uploads/backwpup-d77279-backups/backwpup_d7727903_2017-07-27_09-59-34.zip.mFxpWp
	/home/petsoprs/public_html/wp-content/uploads/backwpup-d77279-backups/backwpup_d7727903_2017-07-27_09-59-34.zip.nRO8zV
	/home/petsoprs/public_html/wp-content/uploads/backwpup-d77279-backups/backwpup_d7727903_2017-07-27_09-59-34.zip.q32s0f
	/home/petsoprs/public_html/wp-content/uploads/backwpup-d77279-temp/backwpup_d7727903_petsoprs_twc.sql 
EXTS:  not set 
---------------------------------------- 
COMPRESSING 
SIZE:	1.05GB 
STATS:	Dirs 2,520 | Files 16,092 
SQL ADDED: 20170725_petsonbreakcom_680df4f39151c9708349170727050248_database.sql 

WARNING: Unable to zip files: 
FILE: [/home/petsoprs/public_html/wp-content/uploads/backwpup-d77279-backups/backwpup_d7727903_2017-07-27_09-59-34.zip.AMlpNf]
 
ZipArchive Object
(
    [status] => 0
    [statusSys] => 0
    [numFiles] => 18611
    [filename] => /home/petsoprs/public_html/wp-snapshots/tmp/20170725_petsonbreakcom_680df4f39151c9708349170727050248_archive.zip
    [comment] => 
)
 

 
